2024-10-22 16:53:26,060 INFO: Log file renamed to data/logs/activity_blueprint_job_14f24b48-4785-4681-b10a-ecc9609b16d2.log
2024-10-22 16:53:26,062 INFO: ActivityBlueprintService: Status: success. Message: Activity blueprint 'id': activity.id built successfully. Exported to data/activity_blueprint.json. This object has no history of changes so be cautious when updating it.
2024-10-22 16:53:26,062 INFO: Job run completed. Exit code 0
2024-10-22 16:53:26,077 INFO: Job run started. Calling route '/baba'. Invoking 'build_activity_blueprint_automatically' method.
2024-10-22 16:53:26,078 INFO: ActivityBlueprintService: Invoking 'build_activity_blueprint' method
2024-10-22 16:53:26,078 INFO: FMGAILottieReadingActivityBlueprintBuilder: 'set_activity_id' method invoked - Activity ID set to: 309827be-8873-4044-aae9-e7f4dd99f822
2024-10-22 16:53:26,078 INFO: FMGAILottieReadingActivityBlueprintBuilder: 'set_metadata' method invoked - Metadata set to: {'analyst': 'M-Maker25', 'model_alias': 'fm-gai-lottie-reading-v1', 'model_version': '1.0', 'target_material': []}
2024-10-22 16:53:26,944 INFO: FMGAILottieReadingActivityBlueprintBuilder: 'set_sandbox_slot_record' method invoked - Sandbox slot record set to: {'assigned_group': {'alias': 'T_KIDS', 'group_record': [23, 'school1', 'Tokyo Kids', 'T_KIDS', None, 'PRIMARY', 'true', 'ACTIVE'], 'learning_path_id': ''}, 'assignee': 'teacher1', 'comments': {}, 'completed': False, 'due_date': '2024-10-21', 'end_time': '2024-10-21 15:55:00', 'start_time': '2024-10-21 15:10:00', 'student_attendance': {}, 'students': [{'alias': '126adamzembery', 'first_name': 'Adam', 'last_name': 'Žembery', 'date_of_birth': None}, {'alias': '132ninaholeckova', 'first_name': 'Nina', 'last_name': 'Holečková', 'date_of_birth': None}, {'alias': '167michalbabocky', 'first_name': 'Michal', 'last_name': 'Babocký', 'date_of_birth': None}, {'alias': '261viktoriakocianova', 'first_name': 'Viktoria', 'last_name': 'Kocianova', 'date_of_birth': None}, {'alias': '245adelasalini', 'first_name': 'Adela', 'last_name': 'Salini', 'date_of_birth': None}, {'alias': '258davidgodal', 'first_name': 'David', 'last_name': 'Godal', 'date_of_birth': None}, {'alias': '331adelasalingova', 'first_name': 'Adela', 'last_name': 'Salingova', 'date_of_birth': '2011-11-16'}, {'alias': '332katarinacervenova', 'first_name': 'Katarina', 'last_name': 'Cervenova', 'date_of_birth': '2011-09-27'}, {'alias': '333tomasszabo', 'first_name': 'Tomas', 'last_name': 'Szabo', 'date_of_birth': '2008-11-15'}]}
2024-10-22 16:53:26,944 ERROR: FMGAILottieReadingActivityBlueprintBuilder: 'set_itokens' method invoked - Error: [Errno 2] No such file or directory: 'assets/itoken_local_db/126adamzembery.json'
2024-10-22 16:53:26,944 ERROR: FMGAILottieReadingActivityBlueprintBuilder: 'set_itokens' method invoked - Error: [Errno 2] No such file or directory: 'assets/itoken_local_db/132ninaholeckova.json'
2024-10-22 16:53:26,944 ERROR: FMGAILottieReadingActivityBlueprintBuilder: 'set_itokens' method invoked - Error: [Errno 2] No such file or directory: 'assets/itoken_local_db/167michalbabocky.json'
2024-10-22 16:53:26,944 ERROR: FMGAILottieReadingActivityBlueprintBuilder: 'set_itokens' method invoked - Error: [Errno 2] No such file or directory: 'assets/itoken_local_db/261viktoriakocianova.json'
2024-10-22 16:53:26,944 ERROR: FMGAILottieReadingActivityBlueprintBuilder: 'set_itokens' method invoked - Error: [Errno 2] No such file or directory: 'assets/itoken_local_db/245adelasalini.json'
2024-10-22 16:53:26,944 ERROR: FMGAILottieReadingActivityBlueprintBuilder: 'set_itokens' method invoked - Error: [Errno 2] No such file or directory: 'assets/itoken_local_db/258davidgodal.json'
2024-10-22 16:53:26,944 ERROR: FMGAILottieReadingActivityBlueprintBuilder: 'set_itokens' method invoked - Error: [Errno 2] No such file or directory: 'assets/itoken_local_db/331adelasalingova.json'
2024-10-22 16:53:26,944 ERROR: FMGAILottieReadingActivityBlueprintBuilder: 'set_itokens' method invoked - Error: [Errno 2] No such file or directory: 'assets/itoken_local_db/332katarinacervenova.json'
2024-10-22 16:53:26,944 ERROR: FMGAILottieReadingActivityBlueprintBuilder: 'set_itokens' method invoked - Error: [Errno 2] No such file or directory: 'assets/itoken_local_db/333tomasszabo.json'
2024-10-22 16:53:26,944 INFO: FMGAILottieReadingActivityBlueprintBuilder: 'set_itokens' method invoked - iTokens set to: None
2024-10-22 16:53:27,276 INFO: FMGAILottieReadingActivityBlueprintBuilder: 'set_cefr_level' method invoked - CEFR level set to: b1
2024-10-22 16:53:27,277 INFO: FMGAILottieReadingActivityBlueprintBuilder: 'set_group_alias' method invoked - Group alias set to: T_KIDS
2024-10-22 16:53:27,911 INFO: FMGAILottieReadingActivityBlueprintBuilder: 'set_target_material' method invoked - Target material set to: {'week': 'week 8 (21-27 October)', 'book_title': 'Intermediate Vocabulary in Use 75', 'title': 'Intermediate Vocabulary in Use 75', 'material_type': 'VOC', 'url': 'https://drive.google.com/file/d/1VKBY_319JgCkt4PoVPouKYj_cPe2p2BM/view?usp=sharing'}
2024-10-22 16:53:27,911 INFO: FMGAILottieReadingActivityBlueprintBuilder: 'set_target_vocabulary' method invoked - Target vocabulary set to: ['out of the blue', 'ring a bell', 'make up your mind', 'get rid of', "I'm just about to ...", 'burst into tears', 'apart from', 'except for', "in four days' time", 'the week before last', 'so far', 'at once', 'right away', 'straight away', 'night after night', 'day after day', 'peace and quiet', 'or', 'and', 'now and two', 'now and again', 'now and then', 'up and down', 'once or twice', 'sooner or later', 'If I were you ...', 'In general...', 'on the whole', 'for instance', 'by the way', 'to be honest']
2024-10-22 16:53:27,911 INFO: FMGAILottieReadingActivityBlueprintBuilder: 'set_target_grammar' method invoked - Target grammar set to: None
2024-10-22 16:53:27,911 INFO: FMGAILottieReadingActivityBlueprintBuilder: 'set_media' method invoked - Media set to: {'style': None, 'image_src': None, 'text_to_speech': {'src': None, 'voice': None}, 'background_music': {'src': None, 'loop': False}}
2024-10-22 16:53:28,046 INFO: FmLottieConnector: Invoking 'make_activity_sentence' method for prompt: 'Please generate a short reading activity containing a brief paragraph of text (100 seconds reading time) based on the following details:

: The central theme of the activity is: "Students going on an adventurous fun adventure in Myanmar when they grow up"
The following vocabulary words should be included and practiced: so far, in four days' time, night after night, now and two, up and down.

The expected output should be in the following JSON format:
{
    "media": {
        "style": "<Describe the best style of image that visually represents the scenario here>"
    },
    "sentence": "<The reading activity text goes here>",
    "questions": {
        "1": "{ "sentence": "<Question 1 text goes here>", "answer": "<Question 1 answer goes here>"  }",
        "2": "{ "sentence": "<Question 2 text goes here>", "answer": "<Question 2 answer goes here>"  }",
        "3": "{ "sentence": "<Question 3 text goes here>", "answer": "<Question 3 answer goes here>"  }"
    }
}
'
2024-10-22 16:53:32,924 INFO: FmLottieConnector: Activity sentence generated successfully. Output: {'media': {'style': 'A group of excited students with backpacks exploring the lush, vibrant landscapes of Myanmar, including colorful pagodas, and traditional markets, under a bright blue sky.'}, 'sentence': "In four days' time, a group of students will start their adventurous journey to Myanmar. So far, they have planned to explore the beautiful pagodas and wander through the bustling markets. Night after night, they imagine the incredible sights they will see and the new experiences they will have together. Now and two years from now, they hope this trip will become a cherished memory, as they walk up and down the scenic trails and connect with the local culture.", 'questions': {'1': {'sentence': 'How many days until the students start their journey?', 'answer': 'Four days'}, '2': {'sentence': 'What do the students plan to explore in Myanmar?', 'answer': 'The beautiful pagodas and bustling markets'}, '3': {'sentence': 'What do the students do night after night before their trip?', 'answer': 'They imagine the incredible sights they will see.'}}}
2024-10-22 16:53:32,924 INFO: FMGAILottieReadingActivityBlueprintBuilder: 'set_questions' method invoked - Options set to: {'1': {'sentence': 'How many days until the students start their journey?', 'answer': 'Four days'}, '2': {'sentence': 'What do the students plan to explore in Myanmar?', 'answer': 'The beautiful pagodas and bustling markets'}, '3': {'sentence': 'What do the students do night after night before their trip?', 'answer': 'They imagine the incredible sights they will see.'}}
2024-10-22 16:53:32,924 INFO: FMGAILottieReadingActivityBlueprintBuilder: 'set_image_style' method invoked - Image style set to: A group of excited students with backpacks exploring the lush, vibrant landscapes of Myanmar, including colorful pagodas, and traditional markets, under a bright blue sky.
2024-10-22 16:53:32,924 INFO: FMGAILottieReadingActivityBlueprintBuilder: 'set_sentence' method invoked - Sentence set to: In four days' time, a group of students will start their adventurous journey to Myanmar. So far, they have planned to explore the beautiful pagodas and wander through the bustling markets. Night after night, they imagine the incredible sights they will see and the new experiences they will have together. Now and two years from now, they hope this trip will become a cherished memory, as they walk up and down the scenic trails and connect with the local culture.
2024-10-22 16:53:32,924 INFO: FMGAILottieReadingActivityBlueprintBuilder: 'set_submitted' method invoked - Submitted set to: False
2024-10-22 16:53:32,925 INFO: Activity data exported to data/activity_blueprint.json
