2024-10-22 16:53:12,931 INFO: Job run started. Calling route '/baba'. Invoking 'build_activity_blueprint_automatically' method.
2024-10-22 16:53:12,932 INFO: ActivityBlueprintService: Invoking 'build_activity_blueprint' method
2024-10-22 16:53:12,932 INFO: FMGAILottieReadingActivityBlueprintBuilder: 'set_activity_id' method invoked - Activity ID set to: 14f24b48-4785-4681-b10a-ecc9609b16d2
2024-10-22 16:53:12,932 INFO: FMGAILottieReadingActivityBlueprintBuilder: 'set_metadata' method invoked - Metadata set to: {'analyst': 'M-Maker25', 'model_alias': 'fm-gai-lottie-reading-v1', 'model_version': '1.0', 'target_material': []}
2024-10-22 16:53:13,826 INFO: FMGAILottieReadingActivityBlueprintBuilder: 'set_sandbox_slot_record' method invoked - Sandbox slot record set to: {'assigned_group': {'alias': 'T_KIDS', 'group_record': [23, 'school1', 'Tokyo Kids', 'T_KIDS', None, 'PRIMARY', 'true', 'ACTIVE'], 'learning_path_id': ''}, 'assignee': 'teacher1', 'comments': {}, 'completed': False, 'due_date': '2024-10-21', 'end_time': '2024-10-21 15:55:00', 'start_time': '2024-10-21 15:10:00', 'student_attendance': {}, 'students': [{'alias': '126adamzembery', 'first_name': 'Adam', 'last_name': 'Žembery', 'date_of_birth': None}, {'alias': '132ninaholeckova', 'first_name': 'Nina', 'last_name': 'Holečková', 'date_of_birth': None}, {'alias': '167michalbabocky', 'first_name': 'Michal', 'last_name': 'Babocký', 'date_of_birth': None}, {'alias': '261viktoriakocianova', 'first_name': 'Viktoria', 'last_name': 'Kocianova', 'date_of_birth': None}, {'alias': '245adelasalini', 'first_name': 'Adela', 'last_name': 'Salini', 'date_of_birth': None}, {'alias': '258davidgodal', 'first_name': 'David', 'last_name': 'Godal', 'date_of_birth': None}, {'alias': '331adelasalingova', 'first_name': 'Adela', 'last_name': 'Salingova', 'date_of_birth': '2011-11-16'}, {'alias': '332katarinacervenova', 'first_name': 'Katarina', 'last_name': 'Cervenova', 'date_of_birth': '2011-09-27'}, {'alias': '333tomasszabo', 'first_name': 'Tomas', 'last_name': 'Szabo', 'date_of_birth': '2008-11-15'}]}
2024-10-22 16:53:13,826 ERROR: FMGAILottieReadingActivityBlueprintBuilder: 'set_itokens' method invoked - Error: [Errno 2] No such file or directory: 'assets/itoken_local_db/126adamzembery.json'
2024-10-22 16:53:13,827 ERROR: FMGAILottieReadingActivityBlueprintBuilder: 'set_itokens' method invoked - Error: [Errno 2] No such file or directory: 'assets/itoken_local_db/132ninaholeckova.json'
2024-10-22 16:53:13,827 ERROR: FMGAILottieReadingActivityBlueprintBuilder: 'set_itokens' method invoked - Error: [Errno 2] No such file or directory: 'assets/itoken_local_db/167michalbabocky.json'
2024-10-22 16:53:13,827 ERROR: FMGAILottieReadingActivityBlueprintBuilder: 'set_itokens' method invoked - Error: [Errno 2] No such file or directory: 'assets/itoken_local_db/261viktoriakocianova.json'
2024-10-22 16:53:13,827 ERROR: FMGAILottieReadingActivityBlueprintBuilder: 'set_itokens' method invoked - Error: [Errno 2] No such file or directory: 'assets/itoken_local_db/245adelasalini.json'
2024-10-22 16:53:13,827 ERROR: FMGAILottieReadingActivityBlueprintBuilder: 'set_itokens' method invoked - Error: [Errno 2] No such file or directory: 'assets/itoken_local_db/258davidgodal.json'
2024-10-22 16:53:13,827 ERROR: FMGAILottieReadingActivityBlueprintBuilder: 'set_itokens' method invoked - Error: [Errno 2] No such file or directory: 'assets/itoken_local_db/331adelasalingova.json'
2024-10-22 16:53:13,827 ERROR: FMGAILottieReadingActivityBlueprintBuilder: 'set_itokens' method invoked - Error: [Errno 2] No such file or directory: 'assets/itoken_local_db/332katarinacervenova.json'
2024-10-22 16:53:13,827 ERROR: FMGAILottieReadingActivityBlueprintBuilder: 'set_itokens' method invoked - Error: [Errno 2] No such file or directory: 'assets/itoken_local_db/333tomasszabo.json'
2024-10-22 16:53:13,827 INFO: FMGAILottieReadingActivityBlueprintBuilder: 'set_itokens' method invoked - iTokens set to: None
2024-10-22 16:53:14,168 INFO: FMGAILottieReadingActivityBlueprintBuilder: 'set_cefr_level' method invoked - CEFR level set to: b1
2024-10-22 16:53:14,169 INFO: FMGAILottieReadingActivityBlueprintBuilder: 'set_group_alias' method invoked - Group alias set to: T_KIDS
2024-10-22 16:53:14,866 INFO: FMGAILottieReadingActivityBlueprintBuilder: 'set_target_material' method invoked - Target material set to: {'week': 'week 8 (21-27 October)', 'book_title': 'Intermediate Vocabulary in Use 75', 'title': 'Intermediate Vocabulary in Use 75', 'material_type': 'VOC', 'url': 'https://drive.google.com/file/d/1VKBY_319JgCkt4PoVPouKYj_cPe2p2BM/view?usp=sharing'}
2024-10-22 16:53:14,866 INFO: FMGAILottieReadingActivityBlueprintBuilder: 'set_target_vocabulary' method invoked - Target vocabulary set to: ['out of the blue', 'ring a bell', 'make up your mind', 'get rid of', "I'm just about to ...", 'burst into tears', 'apart from', 'except for', "in four days' time", 'the week before last', 'so far', 'at once', 'right away', 'straight away', 'night after night', 'day after day', 'peace and quiet', 'or', 'and', 'now and two', 'now and again', 'now and then', 'up and down', 'once or twice', 'sooner or later', 'If I were you ...', 'In general...', 'on the whole', 'for instance', 'by the way', 'to be honest']
2024-10-22 16:53:14,866 INFO: FMGAILottieReadingActivityBlueprintBuilder: 'set_target_grammar' method invoked - Target grammar set to: None
2024-10-22 16:53:14,866 INFO: FMGAILottieReadingActivityBlueprintBuilder: 'set_media' method invoked - Media set to: {'style': None, 'image_src': None, 'text_to_speech': {'src': None, 'voice': None}, 'background_music': {'src': None, 'loop': False}}
2024-10-22 16:53:15,105 INFO: FmLottieConnector: Invoking 'make_activity_sentence' method for prompt: 'Please generate a short reading activity containing a brief paragraph of text (100 seconds reading time) based on the following details:

: The central theme of the activity is: "Students going on an adventurous fun adventure in Myanmar when they grow up"
The following vocabulary words should be included and practiced: I'm just about to ..., now and again, out of the blue, to be honest, on the whole.

The expected output should be in the following JSON format:
{
    "media": {
        "style": "<Describe the best style of image that visually represents the scenario here>"
    },
    "sentence": "<The reading activity text goes here>",
    "questions": {
        "1": "{ "sentence": "<Question 1 text goes here>", "answer": "<Question 1 answer goes here>"  }",
        "2": "{ "sentence": "<Question 2 text goes here>", "answer": "<Question 2 answer goes here>"  }",
        "3": "{ "sentence": "<Question 3 text goes here>", "answer": "<Question 3 answer goes here>"  }"
    }
}
'
2024-10-22 16:53:22,681 INFO: FmLottieConnector: Activity sentence generated successfully. Output: {'media': {'style': 'An image of a group of young adults exploring the lush green landscapes of Myanmar, featuring landmarks like ancient temples and vibrant street markets, evoking a sense of adventure and discovery.'}, 'sentence': "I'm just about to share an amazing story with you about some students who decided to go on an adventure to Myanmar. They planned this journey for months, and, to be honest, the excitement was building up day by day. Out of the blue, they received an unexpected offer from a local guide who promised to show them the hidden gems of this fascinating country. Now and again, the students would meet to discuss their travel plan, and finally, the day to depart arrived. On the whole, the trip was everything they had hoped for and more, leaving them with memories to cherish for a lifetime.", 'questions': {'1': {'sentence': 'What unexpected offer did the students receive?', 'answer': 'An unexpected offer from a local guide to show them hidden gems in Myanmar.'}, '2': {'sentence': 'Which phrase in the text indicates that something happened suddenly?', 'answer': 'Out of the blue'}, '3': {'sentence': "What was the students' feeling about the trip on the whole?", 'answer': 'The trip was everything they had hoped for and more.'}}}
2024-10-22 16:53:22,682 INFO: FMGAILottieReadingActivityBlueprintBuilder: 'set_questions' method invoked - Options set to: {'1': {'sentence': 'What unexpected offer did the students receive?', 'answer': 'An unexpected offer from a local guide to show them hidden gems in Myanmar.'}, '2': {'sentence': 'Which phrase in the text indicates that something happened suddenly?', 'answer': 'Out of the blue'}, '3': {'sentence': "What was the students' feeling about the trip on the whole?", 'answer': 'The trip was everything they had hoped for and more.'}}
2024-10-22 16:53:22,682 INFO: FMGAILottieReadingActivityBlueprintBuilder: 'set_image_style' method invoked - Image style set to: An image of a group of young adults exploring the lush green landscapes of Myanmar, featuring landmarks like ancient temples and vibrant street markets, evoking a sense of adventure and discovery.
2024-10-22 16:53:22,682 INFO: FMGAILottieReadingActivityBlueprintBuilder: 'set_sentence' method invoked - Sentence set to: I'm just about to share an amazing story with you about some students who decided to go on an adventure to Myanmar. They planned this journey for months, and, to be honest, the excitement was building up day by day. Out of the blue, they received an unexpected offer from a local guide who promised to show them the hidden gems of this fascinating country. Now and again, the students would meet to discuss their travel plan, and finally, the day to depart arrived. On the whole, the trip was everything they had hoped for and more, leaving them with memories to cherish for a lifetime.
2024-10-22 16:53:22,682 INFO: FMGAILottieReadingActivityBlueprintBuilder: 'set_submitted' method invoked - Submitted set to: False
2024-10-22 16:53:22,683 INFO: Activity data exported to data/activity_blueprint.json
